Build started 2011.07.19. 20:20:36.
     1>Project "C:\Users\Ingmars\Guess-the-number\RandomNumber.vcxproj" on node 2 (build target(s)).
     1>InitializeBuildStatus:
         Creating "Debug\RandomNumber.unsuccessfulbuild" because "AlwaysCreate" was specified.
       ClCompile:
         e:\VS10\VC\bin\CL.exe /c /ZI /nologo /W3 /WX- /Od /Oy- /D WIN32 /D _DEBUG /D _CONSOLE /D _UNICODE /D UNICODE /Gm /EHsc /RTC1 /MDd /GS /fp:precise /Zc:wchar_t /Zc:forScope /Fo"Debug\\" /Fd"Debug\vc100.pdb" /Gd /TP /analyze- /errorReport:prompt main.cpp
         main.cpp
     1>c:\users\ingmars\guess-the-number\main.cpp(124): warning C4244: 'argument' : conversion from 'time_t' to 'unsigned int', possible loss of data
       ManifestResourceCompile:
         All outputs are up-to-date.
       Link:
         e:\VS10\VC\bin\link.exe /ERRORREPORT:PROMPT /OUT:"C:\Users\Ingmars\Guess-the-number\Debug\RandomNumber.exe" /INCREMENTAL /NOLOGO kernel32.lib user32.lib gdi32.lib winspool.lib comdlg32.lib advapi32.lib shell32.lib ole32.lib oleaut32.lib uuid.lib odbc32.lib odbccp32.lib /MANIFEST /ManifestFile:"Debug\RandomNumber.exe.intermediate.manifest" /MANIFESTUAC:"level='asInvoker' uiAccess='false'" /DEBUG /PDB:"C:\Users\Ingmars\Guess-the-number\Debug\RandomNumber.pdb" /SUBSYSTEM:CONSOLE /TLBID:1 /DYNAMICBASE /NXCOMPAT /IMPLIB:"C:\Users\Ingmars\Guess-the-number\Debug\RandomNumber.lib" /MACHINE:X86 Debug\RandomNumber.exe.embed.manifest.res
         Debug\main.obj
       Manifest:
         C:\Program Files (x86)\Microsoft SDKs\Windows\v7.0A\bin\mt.exe /nologo /verbose /out:"Debug\RandomNumber.exe.embed.manifest" /manifest Debug\RandomNumber.exe.intermediate.manifest
         All outputs are up-to-date.
       LinkEmbedManifest:
         All outputs are up-to-date.
         RandomNumber.vcxproj -> C:\Users\Ingmars\Guess-the-number\Debug\RandomNumber.exe
       FinalizeBuildStatus:
         Deleting file "Debug\RandomNumber.unsuccessfulbuild".
         Touching "Debug\RandomNumber.lastbuildstate".
     1>Done Building Project "C:\Users\Ingmars\Guess-the-number\RandomNumber.vcxproj" (build target(s)).

Build succeeded.

Time Elapsed 00:00:01.70
